{"/Users/michaelgustavsson/Documents/Development/Courses/MedieInstitutet/FED25G/TDD/GitHub/Lektion-02/Vitest/src/demo.js": {"path":"/Users/michaelgustavsson/Documents/Development/Courses/MedieInstitutet/FED25G/TDD/GitHub/Lektion-02/Vitest/src/demo.js","statementMap":{"0":{"start":{"line":1,"column":25},"end":{"line":9,"column":1}},"1":{"start":{"line":2,"column":17},"end":{"line":2,"column":22}},"2":{"start":{"line":3,"column":22},"end":{"line":3,"column":27}},"3":{"start":{"line":4,"column":22},"end":{"line":4,"column":27}},"4":{"start":{"line":6,"column":4},"end":{"line":6,"column":null}},"5":{"start":{"line":6,"column":26},"end":{"line":6,"column":null}},"6":{"start":{"line":7,"column":4},"end":{"line":7,"column":null}},"7":{"start":{"line":11,"column":28},"end":{"line":27,"column":1}},"8":{"start":{"line":12,"column":2},"end":{"line":13,"column":null}},"9":{"start":{"line":13,"column":4},"end":{"line":13,"column":null}},"10":{"start":{"line":15,"column":2},"end":{"line":15,"column":null}},"11":{"start":{"line":15,"column":34},"end":{"line":15,"column":null}},"12":{"start":{"line":17,"column":2},"end":{"line":17,"column":null}},"13":{"start":{"line":17,"column":19},"end":{"line":17,"column":null}},"14":{"start":{"line":19,"column":2},"end":{"line":19,"column":null}},"15":{"start":{"line":19,"column":39},"end":{"line":19,"column":null}},"16":{"start":{"line":21,"column":2},"end":{"line":21,"column":null}},"17":{"start":{"line":21,"column":19},"end":{"line":21,"column":null}},"18":{"start":{"line":22,"column":2},"end":{"line":22,"column":null}},"19":{"start":{"line":22,"column":19},"end":{"line":22,"column":null}},"20":{"start":{"line":23,"column":2},"end":{"line":23,"column":null}},"21":{"start":{"line":23,"column":20},"end":{"line":23,"column":null}},"22":{"start":{"line":24,"column":2},"end":{"line":24,"column":null}},"23":{"start":{"line":24,"column":20},"end":{"line":24,"column":null}},"24":{"start":{"line":26,"column":2},"end":{"line":26,"column":null}}},"fnMap":{"0":{"name":"(anonymous_0)","decl":{"start":{"line":2,"column":7},"end":{"line":2,"column":8}},"loc":{"start":{"line":2,"column":17},"end":{"line":2,"column":22}},"line":2},"1":{"name":"(anonymous_1)","decl":{"start":{"line":3,"column":12},"end":{"line":3,"column":13}},"loc":{"start":{"line":3,"column":22},"end":{"line":3,"column":27}},"line":3},"2":{"name":"(anonymous_2)","decl":{"start":{"line":4,"column":12},"end":{"line":4,"column":13}},"loc":{"start":{"line":4,"column":22},"end":{"line":4,"column":27}},"line":4},"3":{"name":"(anonymous_3)","decl":{"start":{"line":5,"column":13},"end":{"line":5,"column":14}},"loc":{"start":{"line":5,"column":29},"end":{"line":8,"column":3}},"line":5},"4":{"name":"(anonymous_4)","decl":{"start":{"line":11,"column":28},"end":{"line":11,"column":29}},"loc":{"start":{"line":11,"column":53},"end":{"line":27,"column":1}},"line":11}},"branchMap":{"0":{"loc":{"start":{"line":6,"column":4},"end":{"line":6,"column":null}},"type":"if","locations":[{"start":{"line":6,"column":4},"end":{"line":6,"column":null}},{"start":{},"end":{}}],"line":6},"1":{"loc":{"start":{"line":11,"column":37},"end":{"line":11,"column":48}},"type":"default-arg","locations":[{"start":{"line":11,"column":46},"end":{"line":11,"column":48}}],"line":11},"2":{"loc":{"start":{"line":12,"column":2},"end":{"line":13,"column":null}},"type":"if","locations":[{"start":{"line":12,"column":2},"end":{"line":13,"column":null}},{"start":{},"end":{}}],"line":12},"3":{"loc":{"start":{"line":15,"column":2},"end":{"line":15,"column":null}},"type":"if","locations":[{"start":{"line":15,"column":2},"end":{"line":15,"column":null}},{"start":{},"end":{}}],"line":15},"4":{"loc":{"start":{"line":17,"column":2},"end":{"line":17,"column":null}},"type":"if","locations":[{"start":{"line":17,"column":2},"end":{"line":17,"column":null}},{"start":{},"end":{}}],"line":17},"5":{"loc":{"start":{"line":19,"column":2},"end":{"line":19,"column":null}},"type":"if","locations":[{"start":{"line":19,"column":2},"end":{"line":19,"column":null}},{"start":{},"end":{}}],"line":19},"6":{"loc":{"start":{"line":21,"column":2},"end":{"line":21,"column":null}},"type":"if","locations":[{"start":{"line":21,"column":2},"end":{"line":21,"column":null}},{"start":{},"end":{}}],"line":21},"7":{"loc":{"start":{"line":22,"column":2},"end":{"line":22,"column":null}},"type":"if","locations":[{"start":{"line":22,"column":2},"end":{"line":22,"column":null}},{"start":{},"end":{}}],"line":22},"8":{"loc":{"start":{"line":23,"column":2},"end":{"line":23,"column":null}},"type":"if","locations":[{"start":{"line":23,"column":2},"end":{"line":23,"column":null}},{"start":{},"end":{}}],"line":23},"9":{"loc":{"start":{"line":24,"column":2},"end":{"line":24,"column":null}},"type":"if","locations":[{"start":{"line":24,"column":2},"end":{"line":24,"column":null}},{"start":{},"end":{}}],"line":24}},"s":{"0":1,"1":1,"2":1,"3":1,"4":2,"5":1,"6":1,"7":1,"8":14,"9":2,"10":12,"11":12,"12":9,"13":9,"14":7,"15":1,"16":6,"17":1,"18":5,"19":2,"20":3,"21":1,"22":2,"23":2,"24":1},"f":{"0":1,"1":1,"2":1,"3":2,"4":14},"b":{"0":[1,1],"1":[14],"2":[2,12],"3":[3,9],"4":[2,7],"5":[1,6],"6":[1,5],"7":[2,3],"8":[1,2],"9":[1,1]},"meta":{"lastBranch":10,"lastFunction":5,"lastStatement":25,"seen":{"s:1:25:9:1":0,"f:2:7:2:8":0,"s:2:17:2:22":1,"f:3:12:3:13":1,"s:3:22:3:27":2,"f:4:12:4:13":2,"s:4:22:4:27":3,"f:5:13:5:14":3,"b:6:4:6:Infinity:undefined:undefined:undefined:undefined":0,"s:6:4:6:Infinity":4,"s:6:26:6:Infinity":5,"s:7:4:7:Infinity":6,"s:11:28:27:1":7,"f:11:28:11:29":4,"b:11:46:11:48":1,"b:12:2:13:Infinity:undefined:undefined:undefined:undefined":2,"s:12:2:13:Infinity":8,"s:13:4:13:Infinity":9,"b:15:2:15:Infinity:undefined:undefined:undefined:undefined":3,"s:15:2:15:Infinity":10,"s:15:34:15:Infinity":11,"b:17:2:17:Infinity:undefined:undefined:undefined:undefined":4,"s:17:2:17:Infinity":12,"s:17:19:17:Infinity":13,"b:19:2:19:Infinity:undefined:undefined:undefined:undefined":5,"s:19:2:19:Infinity":14,"s:19:39:19:Infinity":15,"b:21:2:21:Infinity:undefined:undefined:undefined:undefined":6,"s:21:2:21:Infinity":16,"s:21:19:21:Infinity":17,"b:22:2:22:Infinity:undefined:undefined:undefined:undefined":7,"s:22:2:22:Infinity":18,"s:22:19:22:Infinity":19,"b:23:2:23:Infinity:undefined:undefined:undefined:undefined":8,"s:23:2:23:Infinity":20,"s:23:20:23:Infinity":21,"b:24:2:24:Infinity:undefined:undefined:undefined:undefined":9,"s:24:2:24:Infinity":22,"s:24:20:24:Infinity":23,"s:26:2:26:Infinity":24}}}
}
