{"/Users/michaelgustavsson/Documents/Development/Courses/MedieInstitutet/FED25G/TDD/GitHub/Lektion-03/TheEyesHaveIt/src/CardDeck.js": {"path":"/Users/michaelgustavsson/Documents/Development/Courses/MedieInstitutet/FED25G/TDD/GitHub/Lektion-03/TheEyesHaveIt/src/CardDeck.js","statementMap":{"0":{"start":{"line":4,"column":9},"end":{"line":4,"column":11}},"1":{"start":{"line":7,"column":4},"end":{"line":7,"column":null}},"2":{"start":{"line":8,"column":4},"end":{"line":22,"column":null}},"3":{"start":{"line":26,"column":4},"end":{"line":28,"column":null}},"4":{"start":{"line":27,"column":6},"end":{"line":27,"column":null}},"5":{"start":{"line":30,"column":4},"end":{"line":34,"column":null}},"6":{"start":{"line":31,"column":6},"end":{"line":33,"column":null}},"7":{"start":{"line":36,"column":15},"end":{"line":36,"column":17}},"8":{"start":{"line":38,"column":4},"end":{"line":42,"column":null}},"9":{"start":{"line":39,"column":6},"end":{"line":41,"column":null}},"10":{"start":{"line":40,"column":8},"end":{"line":40,"column":null}},"11":{"start":{"line":44,"column":4},"end":{"line":44,"column":null}},"12":{"start":{"line":48,"column":12},"end":{"line":48,"column":23}},"13":{"start":{"line":52,"column":4},"end":{"line":57,"column":null}},"14":{"start":{"line":53,"column":6},"end":{"line":53,"column":null}},"15":{"start":{"line":54,"column":6},"end":{"line":54,"column":null}},"16":{"start":{"line":55,"column":6},"end":{"line":55,"column":null}},"17":{"start":{"line":56,"column":6},"end":{"line":56,"column":null}},"18":{"start":{"line":59,"column":4},"end":{"line":59,"column":null}},"19":{"start":{"line":63,"column":18},"end":{"line":63,"column":59}},"20":{"start":{"line":63,"column":56},"end":{"line":63,"column":58}},"21":{"start":{"line":65,"column":4},"end":{"line":73,"column":null}},"22":{"start":{"line":65,"column":17},"end":{"line":65,"column":18}},"23":{"start":{"line":66,"column":6},"end":{"line":72,"column":null}},"24":{"start":{"line":66,"column":23},"end":{"line":66,"column":24}},"25":{"start":{"line":67,"column":8},"end":{"line":69,"column":null}},"26":{"start":{"line":68,"column":10},"end":{"line":68,"column":null}},"27":{"start":{"line":71,"column":8},"end":{"line":71,"column":null}},"28":{"start":{"line":74,"column":4},"end":{"line":74,"column":null}}},"fnMap":{"0":{"name":"(anonymous_0)","decl":{"start":{"line":6,"column":2},"end":{"line":6,"column":13}},"loc":{"start":{"line":6,"column":16},"end":{"line":23,"column":null}},"line":6},"1":{"name":"(anonymous_1)","decl":{"start":{"line":25,"column":2},"end":{"line":25,"column":12}},"loc":{"start":{"line":25,"column":15},"end":{"line":45,"column":null}},"line":25},"2":{"name":"(anonymous_2)","decl":{"start":{"line":47,"column":2},"end":{"line":47,"column":9}},"loc":{"start":{"line":47,"column":16},"end":{"line":60,"column":null}},"line":47},"3":{"name":"(anonymous_3)","decl":{"start":{"line":62,"column":2},"end":{"line":62,"column":6}},"loc":{"start":{"line":62,"column":37},"end":{"line":75,"column":null}},"line":62},"4":{"name":"(anonymous_4)","decl":{"start":{"line":63,"column":50},"end":{"line":63,"column":51}},"loc":{"start":{"line":63,"column":56},"end":{"line":63,"column":58}},"line":63}},"branchMap":{"0":{"loc":{"start":{"line":26,"column":4},"end":{"line":28,"column":null}},"type":"if","locations":[{"start":{"line":26,"column":4},"end":{"line":28,"column":null}},{"start":{},"end":{}}],"line":26},"1":{"loc":{"start":{"line":26,"column":8},"end":{"line":26,"column":65}},"type":"binary-expr","locations":[{"start":{"line":26,"column":8},"end":{"line":26,"column":34}},{"start":{"line":26,"column":38},"end":{"line":26,"column":65}}],"line":26},"2":{"loc":{"start":{"line":30,"column":4},"end":{"line":34,"column":null}},"type":"if","locations":[{"start":{"line":30,"column":4},"end":{"line":34,"column":null}},{"start":{},"end":{}}],"line":30},"3":{"loc":{"start":{"line":30,"column":8},"end":{"line":30,"column":60}},"type":"binary-expr","locations":[{"start":{"line":30,"column":8},"end":{"line":30,"column":31}},{"start":{"line":30,"column":35},"end":{"line":30,"column":60}}],"line":30},"4":{"loc":{"start":{"line":67,"column":8},"end":{"line":69,"column":null}},"type":"if","locations":[{"start":{"line":67,"column":8},"end":{"line":69,"column":null}},{"start":{},"end":{}}],"line":67}},"s":{"0":1,"1":1,"2":1,"3":1,"4":0,"5":1,"6":0,"7":1,"8":1,"9":4,"10":52,"11":1,"12":1,"13":1,"14":51,"15":51,"16":51,"17":51,"18":1,"19":0,"20":0,"21":0,"22":0,"23":0,"24":0,"25":0,"26":0,"27":0,"28":0},"f":{"0":1,"1":1,"2":1,"3":0,"4":0},"b":{"0":[0,1],"1":[1,1],"2":[0,1],"3":[1,1],"4":[0,0]},"meta":{"lastBranch":5,"lastFunction":5,"lastStatement":29,"seen":{"s:4:9:4:11":0,"f:6:2:6:13":0,"s:7:4:7:Infinity":1,"s:8:4:22:Infinity":2,"f:25:2:25:12":1,"b:26:4:28:Infinity:undefined:undefined:undefined:undefined":0,"s:26:4:28:Infinity":3,"b:26:8:26:34:26:38:26:65":1,"s:27:6:27:Infinity":4,"b:30:4:34:Infinity:undefined:undefined:undefined:undefined":2,"s:30:4:34:Infinity":5,"b:30:8:30:31:30:35:30:60":3,"s:31:6:33:Infinity":6,"s:36:15:36:17":7,"s:38:4:42:Infinity":8,"s:39:6:41:Infinity":9,"s:40:8:40:Infinity":10,"s:44:4:44:Infinity":11,"f:47:2:47:9":2,"s:48:12:48:23":12,"s:52:4:57:Infinity":13,"s:53:6:53:Infinity":14,"s:54:6:54:Infinity":15,"s:55:6:55:Infinity":16,"s:56:6:56:Infinity":17,"s:59:4:59:Infinity":18,"f:62:2:62:6":3,"s:63:18:63:59":19,"f:63:50:63:51":4,"s:63:56:63:58":20,"s:65:4:73:Infinity":21,"s:65:17:65:18":22,"s:66:6:72:Infinity":23,"s:66:23:66:24":24,"b:67:8:69:Infinity:undefined:undefined:undefined:undefined":4,"s:67:8:69:Infinity":25,"s:68:10:68:Infinity":26,"s:71:8:71:Infinity":27,"s:74:4:74:Infinity":28}}}
,"/Users/michaelgustavsson/Documents/Development/Courses/MedieInstitutet/FED25G/TDD/GitHub/Lektion-03/TheEyesHaveIt/src/PlayingCard.js": {"path":"/Users/michaelgustavsson/Documents/Development/Courses/MedieInstitutet/FED25G/TDD/GitHub/Lektion-03/TheEyesHaveIt/src/PlayingCard.js","statementMap":{"0":{"start":{"line":3,"column":4},"end":{"line":3,"column":null}},"1":{"start":{"line":4,"column":4},"end":{"line":4,"column":null}},"2":{"start":{"line":5,"column":4},"end":{"line":5,"column":null}},"3":{"start":{"line":9,"column":4},"end":{"line":9,"column":null}}},"fnMap":{"0":{"name":"(anonymous_0)","decl":{"start":{"line":2,"column":2},"end":{"line":2,"column":13}},"loc":{"start":{"line":2,"column":27},"end":{"line":6,"column":null}},"line":2},"1":{"name":"(anonymous_1)","decl":{"start":{"line":8,"column":2},"end":{"line":8,"column":6}},"loc":{"start":{"line":8,"column":9},"end":{"line":10,"column":null}},"line":8}},"branchMap":{},"s":{"0":52,"1":52,"2":52,"3":0},"f":{"0":52,"1":0},"b":{},"meta":{"lastBranch":0,"lastFunction":2,"lastStatement":4,"seen":{"f:2:2:2:13":0,"s:3:4:3:Infinity":0,"s:4:4:4:Infinity":1,"s:5:4:5:Infinity":2,"f:8:2:8:6":1,"s:9:4:9:Infinity":3}}}
}
