{"/Users/michaelgustavsson/Documents/Development/Courses/MedieInstitutet/FED25G/TDD/GitHub/Lektion-03/async-test/src/CardDeck.js": {"path":"/Users/michaelgustavsson/Documents/Development/Courses/MedieInstitutet/FED25G/TDD/GitHub/Lektion-03/async-test/src/CardDeck.js","statementMap":{"0":{"start":{"line":4,"column":9},"end":{"line":4,"column":11}},"1":{"start":{"line":7,"column":4},"end":{"line":7,"column":null}},"2":{"start":{"line":8,"column":4},"end":{"line":22,"column":null}},"3":{"start":{"line":26,"column":4},"end":{"line":38,"column":null}},"4":{"start":{"line":27,"column":6},"end":{"line":37,"column":null}},"5":{"start":{"line":28,"column":19},"end":{"line":28,"column":21}},"6":{"start":{"line":30,"column":8},"end":{"line":34,"column":null}},"7":{"start":{"line":31,"column":10},"end":{"line":33,"column":null}},"8":{"start":{"line":32,"column":12},"end":{"line":32,"column":null}},"9":{"start":{"line":36,"column":8},"end":{"line":36,"column":null}},"10":{"start":{"line":42,"column":12},"end":{"line":42,"column":23}},"11":{"start":{"line":46,"column":4},"end":{"line":51,"column":null}},"12":{"start":{"line":47,"column":6},"end":{"line":47,"column":null}},"13":{"start":{"line":48,"column":6},"end":{"line":48,"column":null}},"14":{"start":{"line":49,"column":6},"end":{"line":49,"column":null}},"15":{"start":{"line":50,"column":6},"end":{"line":50,"column":null}},"16":{"start":{"line":53,"column":4},"end":{"line":53,"column":null}},"17":{"start":{"line":57,"column":18},"end":{"line":57,"column":59}},"18":{"start":{"line":57,"column":56},"end":{"line":57,"column":58}},"19":{"start":{"line":59,"column":4},"end":{"line":67,"column":null}},"20":{"start":{"line":59,"column":17},"end":{"line":59,"column":18}},"21":{"start":{"line":60,"column":6},"end":{"line":66,"column":null}},"22":{"start":{"line":60,"column":23},"end":{"line":60,"column":24}},"23":{"start":{"line":61,"column":8},"end":{"line":63,"column":null}},"24":{"start":{"line":62,"column":10},"end":{"line":62,"column":null}},"25":{"start":{"line":65,"column":8},"end":{"line":65,"column":null}},"26":{"start":{"line":68,"column":4},"end":{"line":68,"column":null}}},"fnMap":{"0":{"name":"(anonymous_0)","decl":{"start":{"line":6,"column":2},"end":{"line":6,"column":13}},"loc":{"start":{"line":6,"column":16},"end":{"line":23,"column":null}},"line":6},"1":{"name":"(anonymous_1)","decl":{"start":{"line":25,"column":2},"end":{"line":25,"column":12}},"loc":{"start":{"line":25,"column":15},"end":{"line":39,"column":null}},"line":25},"2":{"name":"(anonymous_2)","decl":{"start":{"line":26,"column":23},"end":{"line":26,"column":24}},"loc":{"start":{"line":26,"column":44},"end":{"line":38,"column":5}},"line":26},"3":{"name":"(anonymous_3)","decl":{"start":{"line":27,"column":17},"end":{"line":27,"column":18}},"loc":{"start":{"line":27,"column":23},"end":{"line":37,"column":7}},"line":27},"4":{"name":"(anonymous_4)","decl":{"start":{"line":41,"column":2},"end":{"line":41,"column":9}},"loc":{"start":{"line":41,"column":16},"end":{"line":54,"column":null}},"line":41},"5":{"name":"(anonymous_5)","decl":{"start":{"line":56,"column":2},"end":{"line":56,"column":6}},"loc":{"start":{"line":56,"column":37},"end":{"line":69,"column":null}},"line":56},"6":{"name":"(anonymous_6)","decl":{"start":{"line":57,"column":50},"end":{"line":57,"column":51}},"loc":{"start":{"line":57,"column":56},"end":{"line":57,"column":58}},"line":57}},"branchMap":{"0":{"loc":{"start":{"line":61,"column":8},"end":{"line":63,"column":null}},"type":"if","locations":[{"start":{"line":61,"column":8},"end":{"line":63,"column":null}},{"start":{},"end":{}}],"line":61}},"s":{"0":3,"1":3,"2":3,"3":3,"4":3,"5":3,"6":3,"7":12,"8":156,"9":3,"10":0,"11":0,"12":0,"13":0,"14":0,"15":0,"16":0,"17":0,"18":0,"19":0,"20":0,"21":0,"22":0,"23":0,"24":0,"25":0,"26":0},"f":{"0":3,"1":3,"2":3,"3":3,"4":0,"5":0,"6":0},"b":{"0":[0,0]},"meta":{"lastBranch":1,"lastFunction":7,"lastStatement":27,"seen":{"s:4:9:4:11":0,"f:6:2:6:13":0,"s:7:4:7:Infinity":1,"s:8:4:22:Infinity":2,"f:25:2:25:12":1,"s:26:4:38:Infinity":3,"f:26:23:26:24":2,"s:27:6:37:Infinity":4,"f:27:17:27:18":3,"s:28:19:28:21":5,"s:30:8:34:Infinity":6,"s:31:10:33:Infinity":7,"s:32:12:32:Infinity":8,"s:36:8:36:Infinity":9,"f:41:2:41:9":4,"s:42:12:42:23":10,"s:46:4:51:Infinity":11,"s:47:6:47:Infinity":12,"s:48:6:48:Infinity":13,"s:49:6:49:Infinity":14,"s:50:6:50:Infinity":15,"s:53:4:53:Infinity":16,"f:56:2:56:6":5,"s:57:18:57:59":17,"f:57:50:57:51":6,"s:57:56:57:58":18,"s:59:4:67:Infinity":19,"s:59:17:59:18":20,"s:60:6:66:Infinity":21,"s:60:23:60:24":22,"b:61:8:63:Infinity:undefined:undefined:undefined:undefined":0,"s:61:8:63:Infinity":23,"s:62:10:62:Infinity":24,"s:65:8:65:Infinity":25,"s:68:4:68:Infinity":26}}}
,"/Users/michaelgustavsson/Documents/Development/Courses/MedieInstitutet/FED25G/TDD/GitHub/Lektion-03/async-test/src/PlayingCard.js": {"path":"/Users/michaelgustavsson/Documents/Development/Courses/MedieInstitutet/FED25G/TDD/GitHub/Lektion-03/async-test/src/PlayingCard.js","statementMap":{"0":{"start":{"line":3,"column":4},"end":{"line":3,"column":null}},"1":{"start":{"line":4,"column":4},"end":{"line":4,"column":null}},"2":{"start":{"line":5,"column":4},"end":{"line":5,"column":null}},"3":{"start":{"line":9,"column":4},"end":{"line":9,"column":null}}},"fnMap":{"0":{"name":"(anonymous_0)","decl":{"start":{"line":2,"column":2},"end":{"line":2,"column":13}},"loc":{"start":{"line":2,"column":27},"end":{"line":6,"column":null}},"line":2},"1":{"name":"(anonymous_1)","decl":{"start":{"line":8,"column":2},"end":{"line":8,"column":6}},"loc":{"start":{"line":8,"column":9},"end":{"line":10,"column":null}},"line":8}},"branchMap":{},"s":{"0":156,"1":156,"2":156,"3":0},"f":{"0":156,"1":0},"b":{},"meta":{"lastBranch":0,"lastFunction":2,"lastStatement":4,"seen":{"f:2:2:2:13":0,"s:3:4:3:Infinity":0,"s:4:4:4:Infinity":1,"s:5:4:5:Infinity":2,"f:8:2:8:6":1,"s:9:4:9:Infinity":3}}}
}
