{"/Users/michaelgustavsson/Documents/Development/Courses/MedieInstitutet/FED25G/TDD/GitHub/Lektion-02/The_Eyes_Have_It/src/CardDeck.js": {"path":"/Users/michaelgustavsson/Documents/Development/Courses/MedieInstitutet/FED25G/TDD/GitHub/Lektion-02/The_Eyes_Have_It/src/CardDeck.js","statementMap":{"0":{"start":{"line":5,"column":4},"end":{"line":5,"column":null}},"1":{"start":{"line":6,"column":4},"end":{"line":6,"column":null}},"2":{"start":{"line":9,"column":4},"end":{"line":10,"column":null}},"3":{"start":{"line":10,"column":6},"end":{"line":10,"column":null}},"4":{"start":{"line":12,"column":15},"end":{"line":12,"column":17}},"5":{"start":{"line":14,"column":4},"end":{"line":18,"column":null}},"6":{"start":{"line":15,"column":6},"end":{"line":17,"column":null}},"7":{"start":{"line":16,"column":8},"end":{"line":16,"column":null}},"8":{"start":{"line":20,"column":4},"end":{"line":20,"column":null}}},"fnMap":{"0":{"name":"(anonymous_0)","decl":{"start":{"line":4,"column":2},"end":{"line":4,"column":13}},"loc":{"start":{"line":4,"column":33},"end":{"line":7,"column":null}},"line":4},"1":{"name":"(anonymous_1)","decl":{"start":{"line":8,"column":2},"end":{"line":8,"column":12}},"loc":{"start":{"line":8,"column":15},"end":{"line":21,"column":null}},"line":8}},"branchMap":{"0":{"loc":{"start":{"line":9,"column":4},"end":{"line":10,"column":null}},"type":"if","locations":[{"start":{"line":9,"column":4},"end":{"line":10,"column":null}},{"start":{},"end":{}}],"line":9},"1":{"loc":{"start":{"line":9,"column":8},"end":{"line":9,"column":65}},"type":"binary-expr","locations":[{"start":{"line":9,"column":8},"end":{"line":9,"column":34}},{"start":{"line":9,"column":38},"end":{"line":9,"column":65}}],"line":9}},"s":{"0":4,"1":4,"2":4,"3":1,"4":3,"5":3,"6":12,"7":156,"8":3},"f":{"0":4,"1":4},"b":{"0":[1,3],"1":[4,3]},"meta":{"lastBranch":2,"lastFunction":2,"lastStatement":9,"seen":{"f:4:2:4:13":0,"s:5:4:5:Infinity":0,"s:6:4:6:Infinity":1,"f:8:2:8:12":1,"b:9:4:10:Infinity:undefined:undefined:undefined:undefined":0,"s:9:4:10:Infinity":2,"b:9:8:9:34:9:38:9:65":1,"s:10:6:10:Infinity":3,"s:12:15:12:17":4,"s:14:4:18:Infinity":5,"s:15:6:17:Infinity":6,"s:16:8:16:Infinity":7,"s:20:4:20:Infinity":8}}}
,"/Users/michaelgustavsson/Documents/Development/Courses/MedieInstitutet/FED25G/TDD/GitHub/Lektion-02/The_Eyes_Have_It/src/PlayingCard.js": {"path":"/Users/michaelgustavsson/Documents/Development/Courses/MedieInstitutet/FED25G/TDD/GitHub/Lektion-02/The_Eyes_Have_It/src/PlayingCard.js","statementMap":{"0":{"start":{"line":3,"column":4},"end":{"line":3,"column":null}},"1":{"start":{"line":4,"column":4},"end":{"line":4,"column":null}},"2":{"start":{"line":5,"column":4},"end":{"line":5,"column":null}}},"fnMap":{"0":{"name":"(anonymous_0)","decl":{"start":{"line":2,"column":2},"end":{"line":2,"column":13}},"loc":{"start":{"line":2,"column":27},"end":{"line":6,"column":null}},"line":2}},"branchMap":{},"s":{"0":156,"1":156,"2":156},"f":{"0":156},"b":{},"meta":{"lastBranch":0,"lastFunction":1,"lastStatement":3,"seen":{"f:2:2:2:13":0,"s:3:4:3:Infinity":0,"s:4:4:4:Infinity":1,"s:5:4:5:Infinity":2}}}
}
