{"/Users/michaelgustavsson/Documents/Development/Courses/MedieInstitutet/FED25G/TDD/GitHub/Lektion-01/Jest/src/demo.js": {"path":"/Users/michaelgustavsson/Documents/Development/Courses/MedieInstitutet/FED25G/TDD/GitHub/Lektion-01/Jest/src/demo.js","statementMap":{"0":{"start":{"line":1,"column":18},"end":{"line":4,"column":1}},"1":{"start":{"line":2,"column":17},"end":{"line":2,"column":22}},"2":{"start":{"line":3,"column":22},"end":{"line":3,"column":27}},"3":{"start":{"line":6,"column":0},"end":{"line":6,"column":27}}},"fnMap":{"0":{"name":"(anonymous_0)","decl":{"start":{"line":2,"column":7},"end":{"line":2,"column":8}},"loc":{"start":{"line":2,"column":17},"end":{"line":2,"column":22}},"line":2},"1":{"name":"(anonymous_1)","decl":{"start":{"line":3,"column":12},"end":{"line":3,"column":13}},"loc":{"start":{"line":3,"column":22},"end":{"line":3,"column":27}},"line":3}},"branchMap":{},"s":{"0":1,"1":1,"2":1,"3":1},"f":{"0":1,"1":1},"b":{},"_coverageSchema":"1a1c01bbd47fc00a2c39e90264f33305004495a9","hash":"f2645d47f65bcb729adc05807542212738e98313"}
}
